<?xml version="1.0" encoding="UTF-8"?>
<!-- Generated by org.testng.reporters.JUnitReportReporter -->
<testsuite skipped="0" hostname="W1751697" name="Udemy.seleniumTest" tests="2" failures="0" timestamp="17 Sep 2019 15:01:46 GMT" time="0.029" errors="0">
  <testcase name="BrowseAutomation" time="0.022" classname="Udemy.seleniumTest"/>
  <testcase name="ElementsUi" time="0.007" classname="Udemy.seleniumTest"/>
</testsuite> <!-- Udemy.seleniumTest -->
