<?xml version="1.0" encoding="UTF-8"?>
<!-- Generated by org.testng.reporters.JUnitReportReporter -->
<testsuite skipped="0" hostname="W1751697" name="Udemy.appiumTest" tests="2" failures="0" timestamp="17 Sep 2019 15:01:46 GMT" time="0.004" errors="0">
  <testcase name="nativeappandroid" time="0.002" classname="Udemy.appiumTest"/>
  <testcase name="IOSapps" time="0.002" classname="Udemy.appiumTest"/>
</testsuite> <!-- Udemy.appiumTest -->
