<?xml version="1.0" encoding="UTF-8"?>
<!-- Generated by org.testng.reporters.JUnitReportReporter -->
<testsuite hostname="W1751697" failures="0" tests="2" name="Udemy.appiumTest" time="0.013" errors="0" timestamp="18 Sep 2019 08:30:54 GMT" skipped="0">
  <testcase classname="Udemy.appiumTest" name="IOSapps" time="0.012"/>
  <testcase classname="Udemy.appiumTest" name="nativeappandroid" time="0.001"/>
</testsuite> <!-- Udemy.appiumTest -->
